This is XeTeX, Version 3.14159265-2.6-0.999992 (TeX Live 2020) (preloaded format=xelatex 2020.9.25)  13 MAY 2021 12:52
entering extended mode
 restricted \write18 enabled.
 file:line:error style messages enabled.
 %&-line parsing enabled.
**\input{aux.tex}
 (./aux.tex
(/Users/enrique/Library/texmf/tex/latex/uah/uah.cls
Document Class: uah 2021/03/19 v1.0 uah
(/usr/local/texlive/2020/texmf-dist/tex/latex/base/article.cls
Document Class: article 2019/12/20 v1.4l Standard LaTeX document class
(/usr/local/texlive/2020/texmf-dist/tex/latex/base/size10.clo
File: size10.clo 2019/12/20 v1.4l Standard LaTeX file (size option)
)
\c@part=\count163
\c@section=\count164
\c@subsection=\count165
\c@subsubsection=\count166
\c@paragraph=\count167
\c@subparagraph=\count168
\c@figure=\count169
\c@table=\count170
\abovecaptionskip=\skip47
\belowcaptionskip=\skip48
\bibindent=\dimen134
)
(/usr/local/texlive/2020/texmf-dist/tex/latex/graphics/graphicx.sty
Package: graphicx 2019/11/30 v1.2a Enhanced LaTeX Graphics (DPC,SPQR)

(/usr/local/texlive/2020/texmf-dist/tex/latex/graphics/keyval.sty
Package: keyval 2014/10/28 v1.15 key=value parser (DPC)
\KV@toks@=\toks15
)
(/usr/local/texlive/2020/texmf-dist/tex/latex/graphics/graphics.sty
Package: graphics 2019/11/30 v1.4a Standard LaTeX Graphics (DPC,SPQR)

(/usr/local/texlive/2020/texmf-dist/tex/latex/graphics/trig.sty
Package: trig 2016/01/03 v1.10 sin cos tan (DPC)
)
(/usr/local/texlive/2020/texmf-dist/tex/latex/graphics-cfg/graphics.cfg
File: graphics.cfg 2016/06/04 v1.11 sample graphics configuration
)
Package graphics Info: Driver file: xetex.def on input line 105.

(/usr/l
(/usr/local/texlive/2020/texmf-dist/tex/latex/base/fontenc.sty)
(/usr/local/texlive/2020/texmf-dist/tex/latex/fontspec/fontspec.cfg)))
(/usr/local/texlive/2020/texmf-dist/tex/latex/tools/indentfirst.sty))
No file BoletinT5.aux.
(/usr/local/texlive/2020/texmf-dist/tex/latex/base/ts1cmr.fd)
Underfull \hbox (badness 10000) in paragraph at lines 49--49


Underfull \hbox (badness 10000) in paragraph at lines 49--49


Underfull \hbox (badness 10000) in paragraph at lines 76--76


Underfull \hbox (badness 10000) in paragraph at lines 76--76


Underfull \hbox (badness 10000) in paragraph at lines 105--105


Underfull \hbox (badness 10000) in paragraph at lines 105--105


Overfull \hbox (4.44pt too wide) has occurred while \output is active
 $[]$ 

Overfull \hbox (13.32pt too wide) has occurred while \output is active
   $[]$   
[1]
Underfull \hbox (badness 10000) in paragraph at lines 147--147


Underfull \hbox (badness 10000) in paragraph at lines 147--147


Overfull \hbox (4.44pt too wide) has occurred while \output is active
 $[]$ 

Overfull \hbox (13.32pt too wide) has occurred while \output is active
   $[]$   
[2]
Underfull \hbox (badness 10000) in paragraph at lines 181--181


Underfull \hbox (badness 10000) in paragraph at lines 181--181


Overfull \hbox (4.44pt too wide) has occurred while \output is active
 $[]$ 

Overfull \hbox (13.32pt too wide) has occurred while \output is active
   $[]$   
[3]
Underfull \hbox (badness 10000) in paragraph at lines 219--219


Underfull \hbox (badness 10000) in paragraph at lines 219--219


Underfull \hbox (badness 10000) in paragraph at lines 270--270


Underfull \hbox (badness 10000) in paragraph at lines 270--270


Overfull \hbox (4.44pt too wide) has occurred while \output is active
 $[]$ 

Overfull \hbox (13.32pt too wide) has occurred while \output is active
   $[]$   
[4]
Underfull \hbox (badness 10000) in paragraph at lines 310--310


Underfull \hbox (badness 10000) in paragraph at lines 310--310


Overfull \hbox (4.44pt too wide) has occurred while \output is active
 $[]$ 

Overfull \hbox (13.32pt too wide) has occurred while \output is active
   $[]$   
[5]
Underfull \hbox (badness 10000) in paragraph at lines 388--388


Underfull \hbox (badness 10000) in paragraph at lines 388--388


Underfull \hbox (badness 10000) in paragraph at lines 388--388


Overfull \hbox (4.44pt too wide) has occurred while \output is active
 $[]$ 

Overfull \hbox (13.32pt too wide) has occurred while \output is active
   $[]$   
[6] (./BoletinT5.aux) )
(see the transcript file for additional information)
Output written on BoletinT5.pdf (6 pages).
Transcript written on BoletinT5.log.
02/11 v2.0o Standard LaTeX package
)
(/usr/local/texlive/2020/texmf-dist/tex/latex/fontspec/fontspec.cfg)))
(/usr/local/texlive/2020/texmf-dist/tex/latex/tools/indentfirst.sty
Package: indentfirst 1995/11/23 v1.03 Indent first paragraph (DPC)
)

Package fontspec Info: Font family 'SeriaRegular(0)' created for font
(fontspec)             'SeriaRegular' with options
(fontspec)             [Ligatures=TeX,BoldItalicFont={SeriaBoldCaps},BoldFont
(fontspec)             ={SeriaBold},ItalicFont ={SeriaItalic},SmallCapsFont
(fontspec)             ={SeriaItalicCaps},BoldItalicFont={SeriaBoldItalic}].
(fontspec)              
(fontspec)              This font family consists of the following NFSS
(fontspec)             series/shapes:
(fontspec)              
(fontspec)             - 'normal' (m/n) with NFSS spec.:
(fontspec)             <->"SeriaRegular/AAT:mapping=tex-text;"
(fontspec)             - 'small caps'  (m/sc) with NFSS spec.:
(fontspec)             <->"SeriaItalicCaps/AAT:mapping=tex-text;"
(fontspec)             - 'bold' (b/n) with NFSS spec.:
(fontspec)             <->"SeriaBold/AAT:mapping=tex-text;"
(fontspec)             - 'bold small caps'  (b/sc) with NFSS spec.:
(fontspec)             <->"SeriaItalicCaps/AAT:mapping=tex-text;"
(fontspec)             - 'italic' (m/it) with NFSS spec.:
(fontspec)             <->"SeriaItalic/AAT:mapping=tex-text;"
(fontspec)             - 'italic small caps'  (m/scit) with NFSS spec.:
(fontspec)             <->"SeriaItalicCaps/AAT:mapping=tex-text;"
(fontspec)             - 'bold italic' (b/it) with NFSS spec.:
(fontspec)             <->"SeriaBoldItalic/AAT:mapping=tex-text;"
(fontspec)             - 'bold italic small caps'  (b/scit) with NFSS spec.:
(fontspec)             <->"SeriaItalicCaps/AAT:mapping=tex-text;"

\footheight=\dimen142
\footsep=\dimen143
\c@ContadorProblemas=\count190
)
No file BoletinT5.aux.
\openout1 = `BoletinT5.aux'.

LaTeX Font Info:    Checking defaults for OML/cmm/m/it on input line 6.
LaTeX Font Info:    ... okay on input line 6.
LaTeX Font Info:    Checking defaults for OMS/cmsy/m/n on input line 6.
LaTeX Font Info:    ... okay on input line 6.
LaTeX Font Info:    Checking defaults for OT1/cmr/m/n on input line 6.
LaTeX Font Info:    ... okay on input line 6.
LaTeX Font Info:    Checking defaults for T1/cmr/m/n on input line 6.
LaTeX Font Info:    ... okay on input line 6.
LaTeX Font Info:    Checking defaults for TS1/cmr/m/n on input line 6.
LaTeX Font Info:    Trying to load font information for TS1+cmr on input line 6
.
(/usr/local/texlive/2020/texmf-dist/tex/latex/base/ts1cmr.fd
File: ts1cmr.fd 2019/12/16 v2.5j Standard LaTeX font definitions
)
LaTeX Font Info:    ... okay on input line 6.
LaTeX Font Info:    Checking defaults for TU/lmr/m/n on input line 6.
LaTeX Font Info:    ... okay on input line 6.
LaTeX Font Info:    Checking defaults for OMX/cmex/m/n on input line 6.
LaTeX Font Info:    ... okay on input line 6.
LaTeX Font Info:    Checking defaults for U/cmr/m/n on input line 6.
LaTeX Font Info:    ... okay on input line 6.

Package fontspec Info: Adjusting the maths setup (use [no-math] to avoid
(fontspec)             this).

\symlegacymaths=\mathgroup4
LaTeX Font Info:    Overwriting symbol font `legacymaths' in version `bold'
(Font)                  OT1/cmr/m/n --> OT1/cmr/bx/n on input line 6.
LaTeX Font Info:    Redeclaring math accent \acute on input line 6.
LaTeX Font Info:    Redeclaring math accent \grave on input line 6.
LaTeX Font Info:    Redeclaring math accent \ddot on input line 6.
LaTeX Font Info:    Redeclaring math accent \tilde on input line 6.
LaTeX Font Info:    Redeclaring math accent \bar on input line 6.
LaTeX Font Info:    Redeclaring math accent \breve on input line 6.
LaTeX Font Info:    Redeclaring math accent \check on input line 6.
LaTeX Font Info:    Redeclaring math accent \hat on input line 6.
LaTeX Font Info:    Redeclaring math accent \dot on input line 6.
LaTeX Font Info:    Redeclaring math accent \mathring on input line 6.
LaTeX Font Info:    Redeclaring math symbol \colon on input line 6.
LaTeX Font Info:    Redeclaring math symbol \Gamma on input line 6.
LaTeX Font Info:    Redeclaring math symbol \Delta on input line 6.
LaTeX Font Info:    Redeclaring math symbol \Theta on input line 6.
LaTeX Font Info:    Redeclaring math symbol \Lambda on input line 6.
LaTeX Font Info:    Redeclaring math symbol \Xi on input line 6.
LaTeX Font Info:    Redeclaring math symbol \Pi on input line 6.
LaTeX Font Info:    Redeclaring math symbol \Sigma on input line 6.
LaTeX Font Info:    Redeclaring math symbol \Upsilon on input line 6.
LaTeX Font Info:    Redeclaring math symbol \Phi on input line 6.
LaTeX Font Info:    Redeclaring math symbol \Psi on input line 6.
LaTeX Font Info:    Redeclaring math symbol \Omega on input line 6.
LaTeX Font Info:    Redeclaring math symbol \mathdollar on input line 6.
LaTeX Font Info:    Redeclaring symbol font `operators' on input line 6.
LaTeX Font Info:    Encoding `OT1' has changed to `TU' for symbol font
(Font)              `operators' in the math version `normal' on input line 6.
LaTeX Font Info:    Overwriting symbol font `operators' in version `normal'
(Font)                  OT1/cmr/m/n --> TU/lmr/m/n on input line 6.
LaTeX Font Info:    Encoding `OT1' has changed to `TU' for symbol font
(Font)              `operators' in the math version `bold' on input line 6.
LaTeX Font Info:    Overwriting symbol font `operators' in version `bold'
(Font)                  OT1/cmr/bx/n --> TU/lmr/m/n on input line 6.
LaTeX Font Info:    Overwriting symbol font `operators' in version `normal'
(Font)                  TU/lmr/m/n --> TU/lmr/m/n on input line 6.
LaTeX Font Info:    Overwriting math alphabet `\mathit' in version `normal'
(Font)                  OT1/cmr/m/it --> TU/lmr/m/it on input line 6.
LaTeX Font Info:    Overwriting math alphabet `\mathbf' in version `normal'
(Font)                  OT1/cmr/bx/n --> TU/lmr/b/n on input line 6.
LaTeX Font Info:    Overwriting math alphabet `\mathsf' in version `normal'
(Font)                  OT1/cmss/m/n --> TU/SeriaRegular(0)/m/n on input line 6
.
LaTeX Font Info:    Overwriting math alphabet `\mathtt' in version `normal'
(Font)                  OT1/cmtt/m/n --> TU/lmtt/m/n on input line 6.
LaTeX Font Info:    Overwriting symbol font `operators' in version `bold'
(Font)                  TU/lmr/m/n --> TU/lmr/b/n on input line 6.
LaTeX Font Info:    Overwriting math alphabet `\mathit' in version `bold'
(Font)                  OT1/cmr/bx/it --> TU/lmr/b/it on input line 6.
LaTeX Font Info:    Overwriting math alphabet `\mathsf' in version `bold'
(Font)                  OT1/cmss/bx/n --> TU/SeriaRegular(0)/b/n on input line 
6.
LaTeX Font Info:    Overwriting math alphabet `\mathtt' in version `bold'
(Font)                  OT1/cmtt/m/n --> TU/lmtt/b/n on input line 6.

Underfull \hbox (badness 10000) in paragraph at lines 49--49

 []

LaTeX Font Info:    External font `cmex10' loaded for size
(Font)              <7> on input line 49.
LaTeX Font Info:    External font `cmex10' loaded for size
(Font)              <5> on input line 49.

Underfull \hbox (badness 10000) in paragraph at lines 49--49

 []

LaTeX Font Info:    External font `cmex10' loaded for size
(Font)              <9> on input line 49.
LaTeX Font Info:    External font `cmex10' loaded for size
(Font)              <6> on input line 49.

Underfull \hbox (badness 10000) in paragraph at lines 76--76

 []


Underfull \hbox (badness 10000) in paragraph at lines 76--76

 []


Underfull \hbox (badness 10000) in paragraph at lines 105--105

 []


Underfull \hbox (badness 10000) in paragraph at lines 105--105

 []

File: logoUAH_color.pdf Graphic file (type pdf)
<use logoUAH_color.pdf>

Overfull \hbox (4.44pt too wide) has occurred while \output is active
 $[]$ 
 []


Overfull \hbox (13.32pt too wide) has occurred while \output is active
   $[]$   
 []

[1

]
Underfull \hbox (badness 10000) in paragraph at lines 147--147

 []

File: ./Figuras/Problema5_4.pdf Graphic file (type pdf)
<use ./Figuras/Problema5_4.pdf>

Underfull \hbox (badness 10000) in paragraph at lines 147--147

 []

File: ./Figuras/Problema5_4_sol.pdf Graphic file (type pdf)
<use ./Figuras/Problema5_4_sol.pdf>
File: logoUAH_color.pdf Graphic file (type pdf)
<use logoUAH_color.pdf>

Overfull \hbox (4.44pt too wide) has occurred while \output is active
 $[]$ 
 []


Overfull \hbox (13.32pt too wide) has occurred while \output is active
   $[]$   
 []

[2]
Underfull \hbox (badness 10000) in paragraph at lines 181--181

 []


Underfull \hbox (badness 10000) in paragraph at lines 181--181

 []

File: ./Figuras/Problema5_5_sol.pdf Graphic file (type pdf)
<use ./Figuras/Problema5_5_sol.pdf>
File: logoUAH_color.pdf Graphic file (type pdf)
<use logoUAH_color.pdf>

Overfull \hbox (4.44pt too wide) has occurred while \output is active
 $[]$ 
 []


Overfull \hbox (13.32pt too wide) has occurred while \output is active
   $[]$   
 []

[3]
Underfull \hbox (badness 10000) in paragraph at lines 219--219

 []


Underfull \hbox (badness 10000) in paragraph at lines 219--219

 []


Underfull \hbox (badness 10000) in paragraph at lines 270--270

 []


Underfull \hbox (badness 10000) in paragraph at lines 270--270

 []

File: logoUAH_color.pdf Graphic file (type pdf)
<use logoUAH_color.pdf>

Overfull \hbox (4.44pt too wide) has occurred while \output is active
 $[]$ 
 []


Overfull \hbox (13.32pt too wide) has occurred while \output is active
   $[]$   
 []

[4]
Underfull \hbox (badness 10000) in paragraph at lines 310--310

 []


Underfull \hbox (badness 10000) in paragraph at lines 310--310

 []

File: logoUAH_color.pdf Graphic file (type pdf)
<use logoUAH_color.pdf>

Overfull \hbox (4.44pt too wide) has occurred while \output is active
 $[]$ 
 []


Overfull \hbox (13.32pt too wide) has occurred while \output is active
   $[]$   
 []

[5]
Underfull \hbox (badness 10000) in paragraph at lines 388--388

 []


Underfull \hbox (badness 10000) in paragraph at lines 388--388

 []


Underfull \hbox (badness 10000) in paragraph at lines 388--388

 []

File: ./Figuras/Problema5_9a.pdf Graphic file (type pdf)
<use ./Figuras/Problema5_9a.pdf>
File: ./Figuras/Problema5_9b.pdf Graphic file (type pdf)
<use ./Figuras/Problema5_9b.pdf>
File: ./Figuras/Problema5_9c.pdf Graphic file (type pdf)
<use ./Figuras/Problema5_9c.pdf>
File: logoUAH_color.pdf Graphic file (type pdf)
<use logoUAH_color.pdf>

Overfull \hbox (4.44pt too wide) has occurred while \output is active
 $[]$ 
 []


Overfull \hbox (13.32pt too wide) has occurred while \output is active
   $[]$   
 []

[6] (./BoletinT5.aux) ) 
Here is how much of TeX's memory you used:
 4168 strings out of 479418
 116708 string characters out of 5884585
 416076 words of memory out of 5000000
 21659 multiletter control sequences out of 15000+600000
 534297 words of font info for 47 fonts, out of 8000000 for 9000
 1348 hyphenation exceptions out of 8191
 54i,16n,76p,838b,369s stack positions out of 5000i,500n,10000p,200000b,80000s

Output written on BoletinT5.pdf (6 pages).
